INFO:     Started server process [27600]
INFO:     Waiting for application startup.
INFO:     Application startup complete.
INFO:     Uvicorn running on http://0.0.0.0:8000 (Press CTRL+C to quit)
INFO:rag:Vector RAG hit: phase=1 project=default query='I need help with my problem statement' provider=local-hash sources=['guidance-methods.md', 'hybrid-framework.md', 'problem-categories.md'] scores=[{'final': 1.354, 'cosine': 0.354, 'keyword': 37.0}, {'final': 1.235, 'cosine': 0.235, 'keyword': 62.5}, {'final': 1.192, 'cosine': 0.192, 'keyword': 43.5}]
INFO:observability:retrieval_metrics | {'request_id': 'req-188740a0fb49', 'phase': 1, 'top_k': 3, 'candidates': 31, 'empty': False, 'aggregate': {'requests': 1, 'empty_rate_pct': 0, 'avg_top_k': 3}}
INFO:observability:chat_completed | {'request_id': 'req-188740a0fb49', 'latency_ms': 7885, 'phase': 1, 'rag_used': True, 'rag_top_k': 3, 'mode': 'guidance'}
INFO:     Started server process [39631]
INFO:     Waiting for application startup.
INFO:     Application startup complete.
INFO:     Uvicorn running on http://0.0.0.0:8000 (Press CTRL+C to quit)
INFO:services.artifact_service:Artifact uploaded for project=local-project phase=0 — background validation started for session session-a7cef2b1661b
ERROR:services.artifact_service:Background validation failed after artifact upload for session session-a7cef2b1661b
Traceback (most recent call last):
  File "/Users/sahilmayani/Engibuddy/Engibuddy_Project/engibuddy/backend/services/artifact_service.py", line 60, in _bg_validate
    auto_validate_session_review(_sid, update_current_phase=True, allow_advance=True)
    ~~~~~~~~~~~~~~~~~~~~~~~~~~~~^^^^^^^^^^^^^^^^^^^^^^^^^^^^^^^^^^^^^^^^^^^^^^^^^^^^^
  File "/Users/sahilmayani/Engibuddy/Engibuddy_Project/engibuddy/backend/services/session_service.py", line 148, in auto_validate_session_review
    ai_result = validate_review_checklist_with_ai(messages=messages, artifacts=artifacts)
  File "/Users/sahilmayani/Engibuddy/Engibuddy_Project/engibuddy/backend/services/review_validation_service.py", line 171, in validate_review_checklist_with_ai
    parsed = _extract_json_object(raw_response)
  File "/Users/sahilmayani/Engibuddy/Engibuddy_Project/engibuddy/backend/services/review_validation_service.py", line 31, in _extract_json_object
    parsed = json.loads(candidate)
  File "/Library/Frameworks/Python.framework/Versions/3.14/lib/python3.14/json/__init__.py", line 346, in loads
    return _default_decoder.decode(s)
           ~~~~~~~~~~~~~~~~~~~~~~~^^^
  File "/Library/Frameworks/Python.framework/Versions/3.14/lib/python3.14/json/decoder.py", line 345, in decode
    obj, end = self.raw_decode(s, idx=_w(s, 0).end())
               ~~~~~~~~~~~~~~~^^^^^^^^^^^^^^^^^^^^^^^
  File "/Library/Frameworks/Python.framework/Versions/3.14/lib/python3.14/json/decoder.py", line 361, in raw_decode
    obj, end = self.scan_once(s, idx)
               ~~~~~~~~~~~~~~^^^^^^^^
json.decoder.JSONDecodeError: Expecting ',' delimiter: line 70 column 10 (char 5722)
ERROR:    Exception in ASGI application
Traceback (most recent call last):
  File "/Users/sahilmayani/Engibuddy/Engibuddy_Project/engibuddy/backend/venv/lib/python3.14/site-packages/uvicorn/protocols/http/h11_impl.py", line 415, in run_asgi
    result = await app(  # type: ignore[func-returns-value]
             ^^^^^^^^^^^^^^^^^^^^^^^^^^^^^^^^^^^^^^^^^^^^^^
        self.scope, self.receive, self.send
        ^^^^^^^^^^^^^^^^^^^^^^^^^^^^^^^^^^^
    )
    ^
  File "/Users/sahilmayani/Engibuddy/Engibuddy_Project/engibuddy/backend/venv/lib/python3.14/site-packages/uvicorn/middleware/proxy_headers.py", line 60, in __call__
    return await self.app(scope, receive, send)
           ^^^^^^^^^^^^^^^^^^^^^^^^^^^^^^^^^^^^
  File "/Users/sahilmayani/Engibuddy/Engibuddy_Project/engibuddy/backend/venv/lib/python3.14/site-packages/fastapi/applications.py", line 1163, in __call__
    await super().__call__(scope, receive, send)
  File "/Users/sahilmayani/Engibuddy/Engibuddy_Project/engibuddy/backend/venv/lib/python3.14/site-packages/starlette/applications.py", line 90, in __call__
    await self.middleware_stack(scope, receive, send)
  File "/Users/sahilmayani/Engibuddy/Engibuddy_Project/engibuddy/backend/venv/lib/python3.14/site-packages/starlette/middleware/errors.py", line 186, in __call__
    raise exc
  File "/Users/sahilmayani/Engibuddy/Engibuddy_Project/engibuddy/backend/venv/lib/python3.14/site-packages/starlette/middleware/errors.py", line 164, in __call__
    await self.app(scope, receive, _send)
  File "/Users/sahilmayani/Engibuddy/Engibuddy_Project/engibuddy/backend/venv/lib/python3.14/site-packages/starlette/middleware/cors.py", line 96, in __call__
    await self.simple_response(scope, receive, send, request_headers=headers)
  File "/Users/sahilmayani/Engibuddy/Engibuddy_Project/engibuddy/backend/venv/lib/python3.14/site-packages/starlette/middleware/cors.py", line 154, in simple_response
    await self.app(scope, receive, send)
  File "/Users/sahilmayani/Engibuddy/Engibuddy_Project/engibuddy/backend/venv/lib/python3.14/site-packages/starlette/middleware/exceptions.py", line 63, in __call__
    await wrap_app_handling_exceptions(self.app, conn)(scope, receive, send)
  File "/Users/sahilmayani/Engibuddy/Engibuddy_Project/engibuddy/backend/venv/lib/python3.14/site-packages/starlette/_exception_handler.py", line 53, in wrapped_app
    raise exc
  File "/Users/sahilmayani/Engibuddy/Engibuddy_Project/engibuddy/backend/venv/lib/python3.14/site-packages/starlette/_exception_handler.py", line 42, in wrapped_app
    await app(scope, receive, sender)
  File "/Users/sahilmayani/Engibuddy/Engibuddy_Project/engibuddy/backend/venv/lib/python3.14/site-packages/fastapi/middleware/asyncexitstack.py", line 18, in __call__
    await self.app(scope, receive, send)
  File "/Users/sahilmayani/Engibuddy/Engibuddy_Project/engibuddy/backend/venv/lib/python3.14/site-packages/starlette/routing.py", line 660, in __call__
    await self.middleware_stack(scope, receive, send)
  File "/Users/sahilmayani/Engibuddy/Engibuddy_Project/engibuddy/backend/venv/lib/python3.14/site-packages/starlette/routing.py", line 680, in app
    await route.handle(scope, receive, send)
  File "/Users/sahilmayani/Engibuddy/Engibuddy_Project/engibuddy/backend/venv/lib/python3.14/site-packages/starlette/routing.py", line 276, in handle
    await self.app(scope, receive, send)
  File "/Users/sahilmayani/Engibuddy/Engibuddy_Project/engibuddy/backend/venv/lib/python3.14/site-packages/fastapi/routing.py", line 134, in app
    await wrap_app_handling_exceptions(app, request)(scope, receive, send)
  File "/Users/sahilmayani/Engibuddy/Engibuddy_Project/engibuddy/backend/venv/lib/python3.14/site-packages/starlette/_exception_handler.py", line 53, in wrapped_app
    raise exc
  File "/Users/sahilmayani/Engibuddy/Engibuddy_Project/engibuddy/backend/venv/lib/python3.14/site-packages/starlette/_exception_handler.py", line 42, in wrapped_app
    await app(scope, receive, sender)
  File "/Users/sahilmayani/Engibuddy/Engibuddy_Project/engibuddy/backend/venv/lib/python3.14/site-packages/fastapi/routing.py", line 120, in app
    response = await f(request)
               ^^^^^^^^^^^^^^^^
  File "/Users/sahilmayani/Engibuddy/Engibuddy_Project/engibuddy/backend/venv/lib/python3.14/site-packages/fastapi/routing.py", line 674, in app
    raw_response = await run_endpoint_function(
                   ^^^^^^^^^^^^^^^^^^^^^^^^^^^^
    ...<3 lines>...
    )
    ^
  File "/Users/sahilmayani/Engibuddy/Engibuddy_Project/engibuddy/backend/venv/lib/python3.14/site-packages/fastapi/routing.py", line 330, in run_endpoint_function
    return await run_in_threadpool(dependant.call, **values)
           ^^^^^^^^^^^^^^^^^^^^^^^^^^^^^^^^^^^^^^^^^^^^^^^^^
  File "/Users/sahilmayani/Engibuddy/Engibuddy_Project/engibuddy/backend/venv/lib/python3.14/site-packages/starlette/concurrency.py", line 32, in run_in_threadpool
    return await anyio.to_thread.run_sync(func)
           ^^^^^^^^^^^^^^^^^^^^^^^^^^^^^^^^^^^^
  File "/Users/sahilmayani/Engibuddy/Engibuddy_Project/engibuddy/backend/venv/lib/python3.14/site-packages/anyio/to_thread.py", line 63, in run_sync
    return await get_async_backend().run_sync_in_worker_thread(
           ^^^^^^^^^^^^^^^^^^^^^^^^^^^^^^^^^^^^^^^^^^^^^^^^^^^^
        func, args, abandon_on_cancel=abandon_on_cancel, limiter=limiter
        ^^^^^^^^^^^^^^^^^^^^^^^^^^^^^^^^^^^^^^^^^^^^^^^^^^^^^^^^^^^^^^^^
    )
    ^
  File "/Users/sahilmayani/Engibuddy/Engibuddy_Project/engibuddy/backend/venv/lib/python3.14/site-packages/anyio/_backends/_asyncio.py", line 2518, in run_sync_in_worker_thread
    return await future
           ^^^^^^^^^^^^
  File "/Users/sahilmayani/Engibuddy/Engibuddy_Project/engibuddy/backend/venv/lib/python3.14/site-packages/anyio/_backends/_asyncio.py", line 1002, in run
    result = context.run(func, *args)
  File "/Users/sahilmayani/Engibuddy/Engibuddy_Project/engibuddy/backend/main.py", line 202, in validate_session_review
    return auto_validate_session_review(session_id, update_current_phase=True, allow_advance=True)
  File "/Users/sahilmayani/Engibuddy/Engibuddy_Project/engibuddy/backend/services/session_service.py", line 148, in auto_validate_session_review
    ai_result = validate_review_checklist_with_ai(messages=messages, artifacts=artifacts)
  File "/Users/sahilmayani/Engibuddy/Engibuddy_Project/engibuddy/backend/services/review_validation_service.py", line 171, in validate_review_checklist_with_ai
    parsed = _extract_json_object(raw_response)
  File "/Users/sahilmayani/Engibuddy/Engibuddy_Project/engibuddy/backend/services/review_validation_service.py", line 31, in _extract_json_object
    parsed = json.loads(candidate)
  File "/Library/Frameworks/Python.framework/Versions/3.14/lib/python3.14/json/__init__.py", line 346, in loads
    return _default_decoder.decode(s)
           ~~~~~~~~~~~~~~~~~~~~~~~^^^
  File "/Library/Frameworks/Python.framework/Versions/3.14/lib/python3.14/json/decoder.py", line 345, in decode
    obj, end = self.raw_decode(s, idx=_w(s, 0).end())
               ~~~~~~~~~~~~~~~^^^^^^^^^^^^^^^^^^^^^^^
  File "/Library/Frameworks/Python.framework/Versions/3.14/lib/python3.14/json/decoder.py", line 361, in raw_decode
    obj, end = self.scan_once(s, idx)
               ~~~~~~~~~~~~~~^^^^^^^^
json.decoder.JSONDecodeError: Expecting ',' delimiter: line 70 column 10 (char 5722)
INFO:services.artifact_service:Artifact uploaded for project=local-project phase=0 — background validation started for session session-a7cef2b1661b
ERROR:services.artifact_service:Background validation failed after artifact upload for session session-a7cef2b1661b
Traceback (most recent call last):
  File "/Users/sahilmayani/Engibuddy/Engibuddy_Project/engibuddy/backend/services/artifact_service.py", line 60, in _bg_validate
    auto_validate_session_review(_sid, update_current_phase=True, allow_advance=True)
    ~~~~~~~~~~~~~~~~~~~~~~~~~~~~^^^^^^^^^^^^^^^^^^^^^^^^^^^^^^^^^^^^^^^^^^^^^^^^^^^^^
  File "/Users/sahilmayani/Engibuddy/Engibuddy_Project/engibuddy/backend/services/session_service.py", line 148, in auto_validate_session_review
    ai_result = validate_review_checklist_with_ai(messages=messages, artifacts=artifacts)
  File "/Users/sahilmayani/Engibuddy/Engibuddy_Project/engibuddy/backend/services/review_validation_service.py", line 171, in validate_review_checklist_with_ai
    parsed = _extract_json_object(raw_response)
  File "/Users/sahilmayani/Engibuddy/Engibuddy_Project/engibuddy/backend/services/review_validation_service.py", line 31, in _extract_json_object
    parsed = json.loads(candidate)
  File "/Library/Frameworks/Python.framework/Versions/3.14/lib/python3.14/json/__init__.py", line 346, in loads
    return _default_decoder.decode(s)
           ~~~~~~~~~~~~~~~~~~~~~~~^^^
  File "/Library/Frameworks/Python.framework/Versions/3.14/lib/python3.14/json/decoder.py", line 345, in decode
    obj, end = self.raw_decode(s, idx=_w(s, 0).end())
               ~~~~~~~~~~~~~~~^^^^^^^^^^^^^^^^^^^^^^^
  File "/Library/Frameworks/Python.framework/Versions/3.14/lib/python3.14/json/decoder.py", line 361, in raw_decode
    obj, end = self.scan_once(s, idx)
               ~~~~~~~~~~~~~~^^^^^^^^
json.decoder.JSONDecodeError: Expecting ',' delimiter: line 40 column 10 (char 5717)
ERROR:    Exception in ASGI application
Traceback (most recent call last):
  File "/Users/sahilmayani/Engibuddy/Engibuddy_Project/engibuddy/backend/venv/lib/python3.14/site-packages/uvicorn/protocols/http/h11_impl.py", line 415, in run_asgi
    result = await app(  # type: ignore[func-returns-value]
             ^^^^^^^^^^^^^^^^^^^^^^^^^^^^^^^^^^^^^^^^^^^^^^
        self.scope, self.receive, self.send
        ^^^^^^^^^^^^^^^^^^^^^^^^^^^^^^^^^^^
    )
    ^
  File "/Users/sahilmayani/Engibuddy/Engibuddy_Project/engibuddy/backend/venv/lib/python3.14/site-packages/uvicorn/middleware/proxy_headers.py", line 60, in __call__
    return await self.app(scope, receive, send)
           ^^^^^^^^^^^^^^^^^^^^^^^^^^^^^^^^^^^^
  File "/Users/sahilmayani/Engibuddy/Engibuddy_Project/engibuddy/backend/venv/lib/python3.14/site-packages/fastapi/applications.py", line 1163, in __call__
    await super().__call__(scope, receive, send)
  File "/Users/sahilmayani/Engibuddy/Engibuddy_Project/engibuddy/backend/venv/lib/python3.14/site-packages/starlette/applications.py", line 90, in __call__
    await self.middleware_stack(scope, receive, send)
  File "/Users/sahilmayani/Engibuddy/Engibuddy_Project/engibuddy/backend/venv/lib/python3.14/site-packages/starlette/middleware/errors.py", line 186, in __call__
    raise exc
  File "/Users/sahilmayani/Engibuddy/Engibuddy_Project/engibuddy/backend/venv/lib/python3.14/site-packages/starlette/middleware/errors.py", line 164, in __call__
    await self.app(scope, receive, _send)
  File "/Users/sahilmayani/Engibuddy/Engibuddy_Project/engibuddy/backend/venv/lib/python3.14/site-packages/starlette/middleware/cors.py", line 96, in __call__
    await self.simple_response(scope, receive, send, request_headers=headers)
  File "/Users/sahilmayani/Engibuddy/Engibuddy_Project/engibuddy/backend/venv/lib/python3.14/site-packages/starlette/middleware/cors.py", line 154, in simple_response
    await self.app(scope, receive, send)
  File "/Users/sahilmayani/Engibuddy/Engibuddy_Project/engibuddy/backend/venv/lib/python3.14/site-packages/starlette/middleware/exceptions.py", line 63, in __call__
    await wrap_app_handling_exceptions(self.app, conn)(scope, receive, send)
  File "/Users/sahilmayani/Engibuddy/Engibuddy_Project/engibuddy/backend/venv/lib/python3.14/site-packages/starlette/_exception_handler.py", line 53, in wrapped_app
    raise exc
  File "/Users/sahilmayani/Engibuddy/Engibuddy_Project/engibuddy/backend/venv/lib/python3.14/site-packages/starlette/_exception_handler.py", line 42, in wrapped_app
    await app(scope, receive, sender)
  File "/Users/sahilmayani/Engibuddy/Engibuddy_Project/engibuddy/backend/venv/lib/python3.14/site-packages/fastapi/middleware/asyncexitstack.py", line 18, in __call__
    await self.app(scope, receive, send)
  File "/Users/sahilmayani/Engibuddy/Engibuddy_Project/engibuddy/backend/venv/lib/python3.14/site-packages/starlette/routing.py", line 660, in __call__
    await self.middleware_stack(scope, receive, send)
  File "/Users/sahilmayani/Engibuddy/Engibuddy_Project/engibuddy/backend/venv/lib/python3.14/site-packages/starlette/routing.py", line 680, in app
    await route.handle(scope, receive, send)
  File "/Users/sahilmayani/Engibuddy/Engibuddy_Project/engibuddy/backend/venv/lib/python3.14/site-packages/starlette/routing.py", line 276, in handle
    await self.app(scope, receive, send)
  File "/Users/sahilmayani/Engibuddy/Engibuddy_Project/engibuddy/backend/venv/lib/python3.14/site-packages/fastapi/routing.py", line 134, in app
    await wrap_app_handling_exceptions(app, request)(scope, receive, send)
  File "/Users/sahilmayani/Engibuddy/Engibuddy_Project/engibuddy/backend/venv/lib/python3.14/site-packages/starlette/_exception_handler.py", line 53, in wrapped_app
    raise exc
  File "/Users/sahilmayani/Engibuddy/Engibuddy_Project/engibuddy/backend/venv/lib/python3.14/site-packages/starlette/_exception_handler.py", line 42, in wrapped_app
    await app(scope, receive, sender)
  File "/Users/sahilmayani/Engibuddy/Engibuddy_Project/engibuddy/backend/venv/lib/python3.14/site-packages/fastapi/routing.py", line 120, in app
    response = await f(request)
               ^^^^^^^^^^^^^^^^
  File "/Users/sahilmayani/Engibuddy/Engibuddy_Project/engibuddy/backend/venv/lib/python3.14/site-packages/fastapi/routing.py", line 674, in app
    raw_response = await run_endpoint_function(
                   ^^^^^^^^^^^^^^^^^^^^^^^^^^^^
    ...<3 lines>...
    )
    ^
  File "/Users/sahilmayani/Engibuddy/Engibuddy_Project/engibuddy/backend/venv/lib/python3.14/site-packages/fastapi/routing.py", line 330, in run_endpoint_function
    return await run_in_threadpool(dependant.call, **values)
           ^^^^^^^^^^^^^^^^^^^^^^^^^^^^^^^^^^^^^^^^^^^^^^^^^
  File "/Users/sahilmayani/Engibuddy/Engibuddy_Project/engibuddy/backend/venv/lib/python3.14/site-packages/starlette/concurrency.py", line 32, in run_in_threadpool
    return await anyio.to_thread.run_sync(func)
           ^^^^^^^^^^^^^^^^^^^^^^^^^^^^^^^^^^^^
  File "/Users/sahilmayani/Engibuddy/Engibuddy_Project/engibuddy/backend/venv/lib/python3.14/site-packages/anyio/to_thread.py", line 63, in run_sync
    return await get_async_backend().run_sync_in_worker_thread(
           ^^^^^^^^^^^^^^^^^^^^^^^^^^^^^^^^^^^^^^^^^^^^^^^^^^^^
        func, args, abandon_on_cancel=abandon_on_cancel, limiter=limiter
        ^^^^^^^^^^^^^^^^^^^^^^^^^^^^^^^^^^^^^^^^^^^^^^^^^^^^^^^^^^^^^^^^
    )
    ^
  File "/Users/sahilmayani/Engibuddy/Engibuddy_Project/engibuddy/backend/venv/lib/python3.14/site-packages/anyio/_backends/_asyncio.py", line 2518, in run_sync_in_worker_thread
    return await future
           ^^^^^^^^^^^^
  File "/Users/sahilmayani/Engibuddy/Engibuddy_Project/engibuddy/backend/venv/lib/python3.14/site-packages/anyio/_backends/_asyncio.py", line 1002, in run
    result = context.run(func, *args)
  File "/Users/sahilmayani/Engibuddy/Engibuddy_Project/engibuddy/backend/main.py", line 202, in validate_session_review
    return auto_validate_session_review(session_id, update_current_phase=True, allow_advance=True)
  File "/Users/sahilmayani/Engibuddy/Engibuddy_Project/engibuddy/backend/services/session_service.py", line 148, in auto_validate_session_review
    ai_result = validate_review_checklist_with_ai(messages=messages, artifacts=artifacts)
  File "/Users/sahilmayani/Engibuddy/Engibuddy_Project/engibuddy/backend/services/review_validation_service.py", line 171, in validate_review_checklist_with_ai
    parsed = _extract_json_object(raw_response)
  File "/Users/sahilmayani/Engibuddy/Engibuddy_Project/engibuddy/backend/services/review_validation_service.py", line 31, in _extract_json_object
    parsed = json.loads(candidate)
  File "/Library/Frameworks/Python.framework/Versions/3.14/lib/python3.14/json/__init__.py", line 346, in loads
    return _default_decoder.decode(s)
           ~~~~~~~~~~~~~~~~~~~~~~~^^^
  File "/Library/Frameworks/Python.framework/Versions/3.14/lib/python3.14/json/decoder.py", line 345, in decode
    obj, end = self.raw_decode(s, idx=_w(s, 0).end())
               ~~~~~~~~~~~~~~~^^^^^^^^^^^^^^^^^^^^^^^
  File "/Library/Frameworks/Python.framework/Versions/3.14/lib/python3.14/json/decoder.py", line 361, in raw_decode
    obj, end = self.scan_once(s, idx)
               ~~~~~~~~~~~~~~^^^^^^^^
json.decoder.JSONDecodeError: Expecting ',' delimiter: line 77 column 6 (char 6451)
INFO:services.artifact_service:Artifact uploaded for project=local-project phase=4 — background validation started for session session-8d5f4db854e6
ERROR:services.artifact_service:Background validation failed after artifact upload for session session-8d5f4db854e6
Traceback (most recent call last):
  File "/Users/sahilmayani/Engibuddy/Engibuddy_Project/engibuddy/backend/services/artifact_service.py", line 60, in _bg_validate
    auto_validate_session_review(_sid, update_current_phase=True, allow_advance=True)
    ~~~~~~~~~~~~~~~~~~~~~~~~~~~~^^^^^^^^^^^^^^^^^^^^^^^^^^^^^^^^^^^^^^^^^^^^^^^^^^^^^
  File "/Users/sahilmayani/Engibuddy/Engibuddy_Project/engibuddy/backend/services/session_service.py", line 148, in auto_validate_session_review
    ai_result = validate_review_checklist_with_ai(messages=messages, artifacts=artifacts)
  File "/Users/sahilmayani/Engibuddy/Engibuddy_Project/engibuddy/backend/services/review_validation_service.py", line 171, in validate_review_checklist_with_ai
    parsed = _extract_json_object(raw_response)
  File "/Users/sahilmayani/Engibuddy/Engibuddy_Project/engibuddy/backend/services/review_validation_service.py", line 31, in _extract_json_object
    parsed = json.loads(candidate)
  File "/Library/Frameworks/Python.framework/Versions/3.14/lib/python3.14/json/__init__.py", line 346, in loads
    return _default_decoder.decode(s)
           ~~~~~~~~~~~~~~~~~~~~~~~^^^
  File "/Library/Frameworks/Python.framework/Versions/3.14/lib/python3.14/json/decoder.py", line 345, in decode
    obj, end = self.raw_decode(s, idx=_w(s, 0).end())
               ~~~~~~~~~~~~~~~^^^^^^^^^^^^^^^^^^^^^^^
  File "/Library/Frameworks/Python.framework/Versions/3.14/lib/python3.14/json/decoder.py", line 361, in raw_decode
    obj, end = self.scan_once(s, idx)
               ~~~~~~~~~~~~~~^^^^^^^^
json.decoder.JSONDecodeError: Expecting ',' delimiter: line 145 column 10 (char 7506)
INFO:services.artifact_service:Artifact uploaded for project=local-project phase=0 — background validation started for session session-a7cef2b1661b
ERROR:    Exception in ASGI application
Traceback (most recent call last):
  File "/Users/sahilmayani/Engibuddy/Engibuddy_Project/engibuddy/backend/venv/lib/python3.14/site-packages/uvicorn/protocols/http/h11_impl.py", line 415, in run_asgi
    result = await app(  # type: ignore[func-returns-value]
             ^^^^^^^^^^^^^^^^^^^^^^^^^^^^^^^^^^^^^^^^^^^^^^
        self.scope, self.receive, self.send
        ^^^^^^^^^^^^^^^^^^^^^^^^^^^^^^^^^^^
    )
    ^
  File "/Users/sahilmayani/Engibuddy/Engibuddy_Project/engibuddy/backend/venv/lib/python3.14/site-packages/uvicorn/middleware/proxy_headers.py", line 60, in __call__
    return await self.app(scope, receive, send)
           ^^^^^^^^^^^^^^^^^^^^^^^^^^^^^^^^^^^^
  File "/Users/sahilmayani/Engibuddy/Engibuddy_Project/engibuddy/backend/venv/lib/python3.14/site-packages/fastapi/applications.py", line 1163, in __call__
    await super().__call__(scope, receive, send)
  File "/Users/sahilmayani/Engibuddy/Engibuddy_Project/engibuddy/backend/venv/lib/python3.14/site-packages/starlette/applications.py", line 90, in __call__
    await self.middleware_stack(scope, receive, send)
  File "/Users/sahilmayani/Engibuddy/Engibuddy_Project/engibuddy/backend/venv/lib/python3.14/site-packages/starlette/middleware/errors.py", line 186, in __call__
    raise exc
  File "/Users/sahilmayani/Engibuddy/Engibuddy_Project/engibuddy/backend/venv/lib/python3.14/site-packages/starlette/middleware/errors.py", line 164, in __call__
    await self.app(scope, receive, _send)
  File "/Users/sahilmayani/Engibuddy/Engibuddy_Project/engibuddy/backend/venv/lib/python3.14/site-packages/starlette/middleware/cors.py", line 96, in __call__
    await self.simple_response(scope, receive, send, request_headers=headers)
  File "/Users/sahilmayani/Engibuddy/Engibuddy_Project/engibuddy/backend/venv/lib/python3.14/site-packages/starlette/middleware/cors.py", line 154, in simple_response
    await self.app(scope, receive, send)
  File "/Users/sahilmayani/Engibuddy/Engibuddy_Project/engibuddy/backend/venv/lib/python3.14/site-packages/starlette/middleware/exceptions.py", line 63, in __call__
    await wrap_app_handling_exceptions(self.app, conn)(scope, receive, send)
  File "/Users/sahilmayani/Engibuddy/Engibuddy_Project/engibuddy/backend/venv/lib/python3.14/site-packages/starlette/_exception_handler.py", line 53, in wrapped_app
    raise exc
  File "/Users/sahilmayani/Engibuddy/Engibuddy_Project/engibuddy/backend/venv/lib/python3.14/site-packages/starlette/_exception_handler.py", line 42, in wrapped_app
    await app(scope, receive, sender)
  File "/Users/sahilmayani/Engibuddy/Engibuddy_Project/engibuddy/backend/venv/lib/python3.14/site-packages/fastapi/middleware/asyncexitstack.py", line 18, in __call__
    await self.app(scope, receive, send)
  File "/Users/sahilmayani/Engibuddy/Engibuddy_Project/engibuddy/backend/venv/lib/python3.14/site-packages/starlette/routing.py", line 660, in __call__
    await self.middleware_stack(scope, receive, send)
  File "/Users/sahilmayani/Engibuddy/Engibuddy_Project/engibuddy/backend/venv/lib/python3.14/site-packages/starlette/routing.py", line 680, in app
    await route.handle(scope, receive, send)
  File "/Users/sahilmayani/Engibuddy/Engibuddy_Project/engibuddy/backend/venv/lib/python3.14/site-packages/starlette/routing.py", line 276, in handle
    await self.app(scope, receive, send)
  File "/Users/sahilmayani/Engibuddy/Engibuddy_Project/engibuddy/backend/venv/lib/python3.14/site-packages/fastapi/routing.py", line 134, in app
    await wrap_app_handling_exceptions(app, request)(scope, receive, send)
  File "/Users/sahilmayani/Engibuddy/Engibuddy_Project/engibuddy/backend/venv/lib/python3.14/site-packages/starlette/_exception_handler.py", line 53, in wrapped_app
    raise exc
  File "/Users/sahilmayani/Engibuddy/Engibuddy_Project/engibuddy/backend/venv/lib/python3.14/site-packages/starlette/_exception_handler.py", line 42, in wrapped_app
    await app(scope, receive, sender)
  File "/Users/sahilmayani/Engibuddy/Engibuddy_Project/engibuddy/backend/venv/lib/python3.14/site-packages/fastapi/routing.py", line 120, in app
    response = await f(request)
               ^^^^^^^^^^^^^^^^
  File "/Users/sahilmayani/Engibuddy/Engibuddy_Project/engibuddy/backend/venv/lib/python3.14/site-packages/fastapi/routing.py", line 674, in app
    raw_response = await run_endpoint_function(
                   ^^^^^^^^^^^^^^^^^^^^^^^^^^^^
    ...<3 lines>...
    )
    ^
  File "/Users/sahilmayani/Engibuddy/Engibuddy_Project/engibuddy/backend/venv/lib/python3.14/site-packages/fastapi/routing.py", line 330, in run_endpoint_function
    return await run_in_threadpool(dependant.call, **values)
           ^^^^^^^^^^^^^^^^^^^^^^^^^^^^^^^^^^^^^^^^^^^^^^^^^
  File "/Users/sahilmayani/Engibuddy/Engibuddy_Project/engibuddy/backend/venv/lib/python3.14/site-packages/starlette/concurrency.py", line 32, in run_in_threadpool
    return await anyio.to_thread.run_sync(func)
           ^^^^^^^^^^^^^^^^^^^^^^^^^^^^^^^^^^^^
  File "/Users/sahilmayani/Engibuddy/Engibuddy_Project/engibuddy/backend/venv/lib/python3.14/site-packages/anyio/to_thread.py", line 63, in run_sync
    return await get_async_backend().run_sync_in_worker_thread(
           ^^^^^^^^^^^^^^^^^^^^^^^^^^^^^^^^^^^^^^^^^^^^^^^^^^^^
        func, args, abandon_on_cancel=abandon_on_cancel, limiter=limiter
        ^^^^^^^^^^^^^^^^^^^^^^^^^^^^^^^^^^^^^^^^^^^^^^^^^^^^^^^^^^^^^^^^
    )
    ^
  File "/Users/sahilmayani/Engibuddy/Engibuddy_Project/engibuddy/backend/venv/lib/python3.14/site-packages/anyio/_backends/_asyncio.py", line 2518, in run_sync_in_worker_thread
    return await future
           ^^^^^^^^^^^^
  File "/Users/sahilmayani/Engibuddy/Engibuddy_Project/engibuddy/backend/venv/lib/python3.14/site-packages/anyio/_backends/_asyncio.py", line 1002, in run
    result = context.run(func, *args)
  File "/Users/sahilmayani/Engibuddy/Engibuddy_Project/engibuddy/backend/main.py", line 202, in validate_session_review
    return auto_validate_session_review(session_id, update_current_phase=True, allow_advance=True)
  File "/Users/sahilmayani/Engibuddy/Engibuddy_Project/engibuddy/backend/services/session_service.py", line 148, in auto_validate_session_review
    ai_result = validate_review_checklist_with_ai(messages=messages, artifacts=artifacts)
  File "/Users/sahilmayani/Engibuddy/Engibuddy_Project/engibuddy/backend/services/review_validation_service.py", line 171, in validate_review_checklist_with_ai
    parsed = _extract_json_object(raw_response)
  File "/Users/sahilmayani/Engibuddy/Engibuddy_Project/engibuddy/backend/services/review_validation_service.py", line 31, in _extract_json_object
    parsed = json.loads(candidate)
  File "/Library/Frameworks/Python.framework/Versions/3.14/lib/python3.14/json/__init__.py", line 346, in loads
    return _default_decoder.decode(s)
           ~~~~~~~~~~~~~~~~~~~~~~~^^^
  File "/Library/Frameworks/Python.framework/Versions/3.14/lib/python3.14/json/decoder.py", line 345, in decode
    obj, end = self.raw_decode(s, idx=_w(s, 0).end())
               ~~~~~~~~~~~~~~~^^^^^^^^^^^^^^^^^^^^^^^
  File "/Library/Frameworks/Python.framework/Versions/3.14/lib/python3.14/json/decoder.py", line 361, in raw_decode
    obj, end = self.scan_once(s, idx)
               ~~~~~~~~~~~~~~^^^^^^^^
json.decoder.JSONDecodeError: Expecting ',' delimiter: line 127 column 6 (char 6900)
ERROR:services.artifact_service:Background validation failed after artifact upload for session session-a7cef2b1661b
Traceback (most recent call last):
  File "/Users/sahilmayani/Engibuddy/Engibuddy_Project/engibuddy/backend/services/artifact_service.py", line 60, in _bg_validate
    auto_validate_session_review(_sid, update_current_phase=True, allow_advance=True)
    ~~~~~~~~~~~~~~~~~~~~~~~~~~~~^^^^^^^^^^^^^^^^^^^^^^^^^^^^^^^^^^^^^^^^^^^^^^^^^^^^^
  File "/Users/sahilmayani/Engibuddy/Engibuddy_Project/engibuddy/backend/services/session_service.py", line 148, in auto_validate_session_review
    ai_result = validate_review_checklist_with_ai(messages=messages, artifacts=artifacts)
  File "/Users/sahilmayani/Engibuddy/Engibuddy_Project/engibuddy/backend/services/review_validation_service.py", line 171, in validate_review_checklist_with_ai
    parsed = _extract_json_object(raw_response)
  File "/Users/sahilmayani/Engibuddy/Engibuddy_Project/engibuddy/backend/services/review_validation_service.py", line 31, in _extract_json_object
    parsed = json.loads(candidate)
  File "/Library/Frameworks/Python.framework/Versions/3.14/lib/python3.14/json/__init__.py", line 346, in loads
    return _default_decoder.decode(s)
           ~~~~~~~~~~~~~~~~~~~~~~~^^^
  File "/Library/Frameworks/Python.framework/Versions/3.14/lib/python3.14/json/decoder.py", line 345, in decode
    obj, end = self.raw_decode(s, idx=_w(s, 0).end())
               ~~~~~~~~~~~~~~~^^^^^^^^^^^^^^^^^^^^^^^
  File "/Library/Frameworks/Python.framework/Versions/3.14/lib/python3.14/json/decoder.py", line 361, in raw_decode
    obj, end = self.scan_once(s, idx)
               ~~~~~~~~~~~~~~^^^^^^^^
json.decoder.JSONDecodeError: Expecting ',' delimiter: line 120 column 10 (char 6956)
INFO:services.artifact_service:Artifact uploaded for project=local-project phase=0 — background validation started for session session-a7cef2b1661b
INFO:services.session_service:Advancing session session-a7cef2b1661b phase from 0 to 5 (document evidence)
ERROR:    Exception in ASGI application
Traceback (most recent call last):
  File "/Users/sahilmayani/Engibuddy/Engibuddy_Project/engibuddy/backend/venv/lib/python3.14/site-packages/uvicorn/protocols/http/h11_impl.py", line 415, in run_asgi
    result = await app(  # type: ignore[func-returns-value]
             ^^^^^^^^^^^^^^^^^^^^^^^^^^^^^^^^^^^^^^^^^^^^^^
        self.scope, self.receive, self.send
        ^^^^^^^^^^^^^^^^^^^^^^^^^^^^^^^^^^^
    )
    ^
  File "/Users/sahilmayani/Engibuddy/Engibuddy_Project/engibuddy/backend/venv/lib/python3.14/site-packages/uvicorn/middleware/proxy_headers.py", line 60, in __call__
    return await self.app(scope, receive, send)
           ^^^^^^^^^^^^^^^^^^^^^^^^^^^^^^^^^^^^
  File "/Users/sahilmayani/Engibuddy/Engibuddy_Project/engibuddy/backend/venv/lib/python3.14/site-packages/fastapi/applications.py", line 1163, in __call__
    await super().__call__(scope, receive, send)
  File "/Users/sahilmayani/Engibuddy/Engibuddy_Project/engibuddy/backend/venv/lib/python3.14/site-packages/starlette/applications.py", line 90, in __call__
    await self.middleware_stack(scope, receive, send)
  File "/Users/sahilmayani/Engibuddy/Engibuddy_Project/engibuddy/backend/venv/lib/python3.14/site-packages/starlette/middleware/errors.py", line 186, in __call__
    raise exc
  File "/Users/sahilmayani/Engibuddy/Engibuddy_Project/engibuddy/backend/venv/lib/python3.14/site-packages/starlette/middleware/errors.py", line 164, in __call__
    await self.app(scope, receive, _send)
  File "/Users/sahilmayani/Engibuddy/Engibuddy_Project/engibuddy/backend/venv/lib/python3.14/site-packages/starlette/middleware/cors.py", line 96, in __call__
    await self.simple_response(scope, receive, send, request_headers=headers)
  File "/Users/sahilmayani/Engibuddy/Engibuddy_Project/engibuddy/backend/venv/lib/python3.14/site-packages/starlette/middleware/cors.py", line 154, in simple_response
    await self.app(scope, receive, send)
  File "/Users/sahilmayani/Engibuddy/Engibuddy_Project/engibuddy/backend/venv/lib/python3.14/site-packages/starlette/middleware/exceptions.py", line 63, in __call__
    await wrap_app_handling_exceptions(self.app, conn)(scope, receive, send)
  File "/Users/sahilmayani/Engibuddy/Engibuddy_Project/engibuddy/backend/venv/lib/python3.14/site-packages/starlette/_exception_handler.py", line 53, in wrapped_app
    raise exc
  File "/Users/sahilmayani/Engibuddy/Engibuddy_Project/engibuddy/backend/venv/lib/python3.14/site-packages/starlette/_exception_handler.py", line 42, in wrapped_app
    await app(scope, receive, sender)
  File "/Users/sahilmayani/Engibuddy/Engibuddy_Project/engibuddy/backend/venv/lib/python3.14/site-packages/fastapi/middleware/asyncexitstack.py", line 18, in __call__
    await self.app(scope, receive, send)
  File "/Users/sahilmayani/Engibuddy/Engibuddy_Project/engibuddy/backend/venv/lib/python3.14/site-packages/starlette/routing.py", line 660, in __call__
    await self.middleware_stack(scope, receive, send)
  File "/Users/sahilmayani/Engibuddy/Engibuddy_Project/engibuddy/backend/venv/lib/python3.14/site-packages/starlette/routing.py", line 680, in app
    await route.handle(scope, receive, send)
  File "/Users/sahilmayani/Engibuddy/Engibuddy_Project/engibuddy/backend/venv/lib/python3.14/site-packages/starlette/routing.py", line 276, in handle
    await self.app(scope, receive, send)
  File "/Users/sahilmayani/Engibuddy/Engibuddy_Project/engibuddy/backend/venv/lib/python3.14/site-packages/fastapi/routing.py", line 134, in app
    await wrap_app_handling_exceptions(app, request)(scope, receive, send)
  File "/Users/sahilmayani/Engibuddy/Engibuddy_Project/engibuddy/backend/venv/lib/python3.14/site-packages/starlette/_exception_handler.py", line 53, in wrapped_app
    raise exc
  File "/Users/sahilmayani/Engibuddy/Engibuddy_Project/engibuddy/backend/venv/lib/python3.14/site-packages/starlette/_exception_handler.py", line 42, in wrapped_app
    await app(scope, receive, sender)
  File "/Users/sahilmayani/Engibuddy/Engibuddy_Project/engibuddy/backend/venv/lib/python3.14/site-packages/fastapi/routing.py", line 120, in app
    response = await f(request)
               ^^^^^^^^^^^^^^^^
  File "/Users/sahilmayani/Engibuddy/Engibuddy_Project/engibuddy/backend/venv/lib/python3.14/site-packages/fastapi/routing.py", line 674, in app
    raw_response = await run_endpoint_function(
                   ^^^^^^^^^^^^^^^^^^^^^^^^^^^^
    ...<3 lines>...
    )
    ^
  File "/Users/sahilmayani/Engibuddy/Engibuddy_Project/engibuddy/backend/venv/lib/python3.14/site-packages/fastapi/routing.py", line 330, in run_endpoint_function
    return await run_in_threadpool(dependant.call, **values)
           ^^^^^^^^^^^^^^^^^^^^^^^^^^^^^^^^^^^^^^^^^^^^^^^^^
  File "/Users/sahilmayani/Engibuddy/Engibuddy_Project/engibuddy/backend/venv/lib/python3.14/site-packages/starlette/concurrency.py", line 32, in run_in_threadpool
    return await anyio.to_thread.run_sync(func)
           ^^^^^^^^^^^^^^^^^^^^^^^^^^^^^^^^^^^^
  File "/Users/sahilmayani/Engibuddy/Engibuddy_Project/engibuddy/backend/venv/lib/python3.14/site-packages/anyio/to_thread.py", line 63, in run_sync
    return await get_async_backend().run_sync_in_worker_thread(
           ^^^^^^^^^^^^^^^^^^^^^^^^^^^^^^^^^^^^^^^^^^^^^^^^^^^^
        func, args, abandon_on_cancel=abandon_on_cancel, limiter=limiter
        ^^^^^^^^^^^^^^^^^^^^^^^^^^^^^^^^^^^^^^^^^^^^^^^^^^^^^^^^^^^^^^^^
    )
    ^
  File "/Users/sahilmayani/Engibuddy/Engibuddy_Project/engibuddy/backend/venv/lib/python3.14/site-packages/anyio/_backends/_asyncio.py", line 2518, in run_sync_in_worker_thread
    return await future
           ^^^^^^^^^^^^
  File "/Users/sahilmayani/Engibuddy/Engibuddy_Project/engibuddy/backend/venv/lib/python3.14/site-packages/anyio/_backends/_asyncio.py", line 1002, in run
    result = context.run(func, *args)
  File "/Users/sahilmayani/Engibuddy/Engibuddy_Project/engibuddy/backend/main.py", line 202, in validate_session_review
    return auto_validate_session_review(session_id, update_current_phase=True, allow_advance=True)
  File "/Users/sahilmayani/Engibuddy/Engibuddy_Project/engibuddy/backend/services/session_service.py", line 148, in auto_validate_session_review
    ai_result = validate_review_checklist_with_ai(messages=messages, artifacts=artifacts)
  File "/Users/sahilmayani/Engibuddy/Engibuddy_Project/engibuddy/backend/services/review_validation_service.py", line 171, in validate_review_checklist_with_ai
    parsed = _extract_json_object(raw_response)
  File "/Users/sahilmayani/Engibuddy/Engibuddy_Project/engibuddy/backend/services/review_validation_service.py", line 31, in _extract_json_object
    parsed = json.loads(candidate)
  File "/Library/Frameworks/Python.framework/Versions/3.14/lib/python3.14/json/__init__.py", line 346, in loads
    return _default_decoder.decode(s)
           ~~~~~~~~~~~~~~~~~~~~~~~^^^
  File "/Library/Frameworks/Python.framework/Versions/3.14/lib/python3.14/json/decoder.py", line 345, in decode
    obj, end = self.raw_decode(s, idx=_w(s, 0).end())
               ~~~~~~~~~~~~~~~^^^^^^^^^^^^^^^^^^^^^^^
  File "/Library/Frameworks/Python.framework/Versions/3.14/lib/python3.14/json/decoder.py", line 361, in raw_decode
    obj, end = self.scan_once(s, idx)
               ~~~~~~~~~~~~~~^^^^^^^^
json.decoder.JSONDecodeError: Expecting ',' delimiter: line 140 column 10 (char 7034)
INFO:services.artifact_service:Artifact uploaded for project=local-project phase=0 — background validation started for session session-add973174591
INFO:services.session_service:Advancing session session-add973174591 phase from 0 to 5 (document evidence)
ERROR:services.artifact_service:Background validation failed after artifact upload for session session-add973174591
Traceback (most recent call last):
  File "/Users/sahilmayani/Engibuddy/Engibuddy_Project/engibuddy/backend/services/artifact_service.py", line 60, in _bg_validate
    auto_validate_session_review(_sid, update_current_phase=True, allow_advance=True)
    ~~~~~~~~~~~~~~~~~~~~~~~~~~~~^^^^^^^^^^^^^^^^^^^^^^^^^^^^^^^^^^^^^^^^^^^^^^^^^^^^^
  File "/Users/sahilmayani/Engibuddy/Engibuddy_Project/engibuddy/backend/services/session_service.py", line 148, in auto_validate_session_review
    ai_result = validate_review_checklist_with_ai(messages=messages, artifacts=artifacts)
  File "/Users/sahilmayani/Engibuddy/Engibuddy_Project/engibuddy/backend/services/review_validation_service.py", line 171, in validate_review_checklist_with_ai
    parsed = _extract_json_object(raw_response)
  File "/Users/sahilmayani/Engibuddy/Engibuddy_Project/engibuddy/backend/services/review_validation_service.py", line 31, in _extract_json_object
    parsed = json.loads(candidate)
  File "/Library/Frameworks/Python.framework/Versions/3.14/lib/python3.14/json/__init__.py", line 346, in loads
    return _default_decoder.decode(s)
           ~~~~~~~~~~~~~~~~~~~~~~~^^^
  File "/Library/Frameworks/Python.framework/Versions/3.14/lib/python3.14/json/decoder.py", line 345, in decode
    obj, end = self.raw_decode(s, idx=_w(s, 0).end())
               ~~~~~~~~~~~~~~~^^^^^^^^^^^^^^^^^^^^^^^
  File "/Library/Frameworks/Python.framework/Versions/3.14/lib/python3.14/json/decoder.py", line 361, in raw_decode
    obj, end = self.scan_once(s, idx)
               ~~~~~~~~~~~~~~^^^^^^^^
json.decoder.JSONDecodeError: Expecting ',' delimiter: line 140 column 10 (char 7257)
INFO:     Shutting down
INFO:     Waiting for application shutdown.
INFO:     Application shutdown complete.
INFO:     Finished server process [39631]
INFO:     Started server process [40149]
INFO:     Waiting for application startup.
INFO:     Application startup complete.
INFO:     Uvicorn running on http://0.0.0.0:8000 (Press CTRL+C to quit)
INFO:services.artifact_service:Artifact uploaded for project=local-project phase=0 — background validation started for session session-51c01b8303f8
INFO:services.session_service:Advancing session session-51c01b8303f8 phase from 0 to 1 (document evidence)
INFO:services.session_service:Advancing session session-51c01b8303f8 phase from 0 to 1 (document evidence)
INFO:services.artifact_service:Artifact uploaded for project=local-project phase=3 — background validation started for session session-51c01b8303f8
INFO:services.session_service:Pushing back session session-51c01b8303f8 phase from 1 to 0 (evidence gate)
INFO:services.artifact_service:Artifact uploaded for project=local-project phase=4 — background validation started for session session-51c01b8303f8
ERROR:services.artifact_service:Background validation failed after artifact upload for session session-51c01b8303f8
Traceback (most recent call last):
  File "/Users/sahilmayani/Engibuddy/Engibuddy_Project/engibuddy/backend/services/artifact_service.py", line 60, in _bg_validate
    auto_validate_session_review(_sid, update_current_phase=True, allow_advance=True)
    ~~~~~~~~~~~~~~~~~~~~~~~~~~~~^^^^^^^^^^^^^^^^^^^^^^^^^^^^^^^^^^^^^^^^^^^^^^^^^^^^^
  File "/Users/sahilmayani/Engibuddy/Engibuddy_Project/engibuddy/backend/services/session_service.py", line 148, in auto_validate_session_review
    ai_result = validate_review_checklist_with_ai(messages=messages, artifacts=artifacts)
  File "/Users/sahilmayani/Engibuddy/Engibuddy_Project/engibuddy/backend/services/review_validation_service.py", line 174, in validate_review_checklist_with_ai
    parsed = _extract_json_object(raw_response)
  File "/Users/sahilmayani/Engibuddy/Engibuddy_Project/engibuddy/backend/services/review_validation_service.py", line 31, in _extract_json_object
    parsed = json.loads(candidate)
  File "/Library/Frameworks/Python.framework/Versions/3.14/lib/python3.14/json/__init__.py", line 346, in loads
    return _default_decoder.decode(s)
           ~~~~~~~~~~~~~~~~~~~~~~~^^^
  File "/Library/Frameworks/Python.framework/Versions/3.14/lib/python3.14/json/decoder.py", line 345, in decode
    obj, end = self.raw_decode(s, idx=_w(s, 0).end())
               ~~~~~~~~~~~~~~~^^^^^^^^^^^^^^^^^^^^^^^
  File "/Library/Frameworks/Python.framework/Versions/3.14/lib/python3.14/json/decoder.py", line 361, in raw_decode
    obj, end = self.scan_once(s, idx)
               ~~~~~~~~~~~~~~^^^^^^^^
json.decoder.JSONDecodeError: Expecting ',' delimiter: line 110 column 10 (char 6053)
ERROR:    Exception in ASGI application
Traceback (most recent call last):
  File "/Users/sahilmayani/Engibuddy/Engibuddy_Project/engibuddy/backend/venv/lib/python3.14/site-packages/uvicorn/protocols/http/h11_impl.py", line 415, in run_asgi
    result = await app(  # type: ignore[func-returns-value]
             ^^^^^^^^^^^^^^^^^^^^^^^^^^^^^^^^^^^^^^^^^^^^^^
        self.scope, self.receive, self.send
        ^^^^^^^^^^^^^^^^^^^^^^^^^^^^^^^^^^^
    )
    ^
  File "/Users/sahilmayani/Engibuddy/Engibuddy_Project/engibuddy/backend/venv/lib/python3.14/site-packages/uvicorn/middleware/proxy_headers.py", line 60, in __call__
    return await self.app(scope, receive, send)
           ^^^^^^^^^^^^^^^^^^^^^^^^^^^^^^^^^^^^
  File "/Users/sahilmayani/Engibuddy/Engibuddy_Project/engibuddy/backend/venv/lib/python3.14/site-packages/fastapi/applications.py", line 1163, in __call__
    await super().__call__(scope, receive, send)
  File "/Users/sahilmayani/Engibuddy/Engibuddy_Project/engibuddy/backend/venv/lib/python3.14/site-packages/starlette/applications.py", line 90, in __call__
    await self.middleware_stack(scope, receive, send)
  File "/Users/sahilmayani/Engibuddy/Engibuddy_Project/engibuddy/backend/venv/lib/python3.14/site-packages/starlette/middleware/errors.py", line 186, in __call__
    raise exc
  File "/Users/sahilmayani/Engibuddy/Engibuddy_Project/engibuddy/backend/venv/lib/python3.14/site-packages/starlette/middleware/errors.py", line 164, in __call__
    await self.app(scope, receive, _send)
  File "/Users/sahilmayani/Engibuddy/Engibuddy_Project/engibuddy/backend/venv/lib/python3.14/site-packages/starlette/middleware/cors.py", line 96, in __call__
    await self.simple_response(scope, receive, send, request_headers=headers)
  File "/Users/sahilmayani/Engibuddy/Engibuddy_Project/engibuddy/backend/venv/lib/python3.14/site-packages/starlette/middleware/cors.py", line 154, in simple_response
    await self.app(scope, receive, send)
  File "/Users/sahilmayani/Engibuddy/Engibuddy_Project/engibuddy/backend/venv/lib/python3.14/site-packages/starlette/middleware/exceptions.py", line 63, in __call__
    await wrap_app_handling_exceptions(self.app, conn)(scope, receive, send)
  File "/Users/sahilmayani/Engibuddy/Engibuddy_Project/engibuddy/backend/venv/lib/python3.14/site-packages/starlette/_exception_handler.py", line 53, in wrapped_app
    raise exc
  File "/Users/sahilmayani/Engibuddy/Engibuddy_Project/engibuddy/backend/venv/lib/python3.14/site-packages/starlette/_exception_handler.py", line 42, in wrapped_app
    await app(scope, receive, sender)
  File "/Users/sahilmayani/Engibuddy/Engibuddy_Project/engibuddy/backend/venv/lib/python3.14/site-packages/fastapi/middleware/asyncexitstack.py", line 18, in __call__
    await self.app(scope, receive, send)
  File "/Users/sahilmayani/Engibuddy/Engibuddy_Project/engibuddy/backend/venv/lib/python3.14/site-packages/starlette/routing.py", line 660, in __call__
    await self.middleware_stack(scope, receive, send)
  File "/Users/sahilmayani/Engibuddy/Engibuddy_Project/engibuddy/backend/venv/lib/python3.14/site-packages/starlette/routing.py", line 680, in app
    await route.handle(scope, receive, send)
  File "/Users/sahilmayani/Engibuddy/Engibuddy_Project/engibuddy/backend/venv/lib/python3.14/site-packages/starlette/routing.py", line 276, in handle
    await self.app(scope, receive, send)
  File "/Users/sahilmayani/Engibuddy/Engibuddy_Project/engibuddy/backend/venv/lib/python3.14/site-packages/fastapi/routing.py", line 134, in app
    await wrap_app_handling_exceptions(app, request)(scope, receive, send)
  File "/Users/sahilmayani/Engibuddy/Engibuddy_Project/engibuddy/backend/venv/lib/python3.14/site-packages/starlette/_exception_handler.py", line 53, in wrapped_app
    raise exc
  File "/Users/sahilmayani/Engibuddy/Engibuddy_Project/engibuddy/backend/venv/lib/python3.14/site-packages/starlette/_exception_handler.py", line 42, in wrapped_app
    await app(scope, receive, sender)
  File "/Users/sahilmayani/Engibuddy/Engibuddy_Project/engibuddy/backend/venv/lib/python3.14/site-packages/fastapi/routing.py", line 120, in app
    response = await f(request)
               ^^^^^^^^^^^^^^^^
  File "/Users/sahilmayani/Engibuddy/Engibuddy_Project/engibuddy/backend/venv/lib/python3.14/site-packages/fastapi/routing.py", line 674, in app
    raw_response = await run_endpoint_function(
                   ^^^^^^^^^^^^^^^^^^^^^^^^^^^^
    ...<3 lines>...
    )
    ^
  File "/Users/sahilmayani/Engibuddy/Engibuddy_Project/engibuddy/backend/venv/lib/python3.14/site-packages/fastapi/routing.py", line 330, in run_endpoint_function
    return await run_in_threadpool(dependant.call, **values)
           ^^^^^^^^^^^^^^^^^^^^^^^^^^^^^^^^^^^^^^^^^^^^^^^^^
  File "/Users/sahilmayani/Engibuddy/Engibuddy_Project/engibuddy/backend/venv/lib/python3.14/site-packages/starlette/concurrency.py", line 32, in run_in_threadpool
    return await anyio.to_thread.run_sync(func)
           ^^^^^^^^^^^^^^^^^^^^^^^^^^^^^^^^^^^^
  File "/Users/sahilmayani/Engibuddy/Engibuddy_Project/engibuddy/backend/venv/lib/python3.14/site-packages/anyio/to_thread.py", line 63, in run_sync
    return await get_async_backend().run_sync_in_worker_thread(
           ^^^^^^^^^^^^^^^^^^^^^^^^^^^^^^^^^^^^^^^^^^^^^^^^^^^^
        func, args, abandon_on_cancel=abandon_on_cancel, limiter=limiter
        ^^^^^^^^^^^^^^^^^^^^^^^^^^^^^^^^^^^^^^^^^^^^^^^^^^^^^^^^^^^^^^^^
    )
    ^
  File "/Users/sahilmayani/Engibuddy/Engibuddy_Project/engibuddy/backend/venv/lib/python3.14/site-packages/anyio/_backends/_asyncio.py", line 2518, in run_sync_in_worker_thread
    return await future
           ^^^^^^^^^^^^
  File "/Users/sahilmayani/Engibuddy/Engibuddy_Project/engibuddy/backend/venv/lib/python3.14/site-packages/anyio/_backends/_asyncio.py", line 1002, in run
    result = context.run(func, *args)
  File "/Users/sahilmayani/Engibuddy/Engibuddy_Project/engibuddy/backend/main.py", line 202, in validate_session_review
    return auto_validate_session_review(session_id, update_current_phase=True, allow_advance=True)
  File "/Users/sahilmayani/Engibuddy/Engibuddy_Project/engibuddy/backend/services/session_service.py", line 148, in auto_validate_session_review
    ai_result = validate_review_checklist_with_ai(messages=messages, artifacts=artifacts)
  File "/Users/sahilmayani/Engibuddy/Engibuddy_Project/engibuddy/backend/services/review_validation_service.py", line 174, in validate_review_checklist_with_ai
    parsed = _extract_json_object(raw_response)
  File "/Users/sahilmayani/Engibuddy/Engibuddy_Project/engibuddy/backend/services/review_validation_service.py", line 31, in _extract_json_object
    parsed = json.loads(candidate)
  File "/Library/Frameworks/Python.framework/Versions/3.14/lib/python3.14/json/__init__.py", line 346, in loads
    return _default_decoder.decode(s)
           ~~~~~~~~~~~~~~~~~~~~~~~^^^
  File "/Library/Frameworks/Python.framework/Versions/3.14/lib/python3.14/json/decoder.py", line 345, in decode
    obj, end = self.raw_decode(s, idx=_w(s, 0).end())
               ~~~~~~~~~~~~~~~^^^^^^^^^^^^^^^^^^^^^^^
  File "/Library/Frameworks/Python.framework/Versions/3.14/lib/python3.14/json/decoder.py", line 361, in raw_decode
    obj, end = self.scan_once(s, idx)
               ~~~~~~~~~~~~~~^^^^^^^^
json.decoder.JSONDecodeError: Expecting ',' delimiter: line 145 column 10 (char 6085)
INFO:services.artifact_service:Artifact uploaded for project=local-project phase=4 — background validation started for session session-da568f45db40
ERROR:    Exception in ASGI application
Traceback (most recent call last):
  File "/Users/sahilmayani/Engibuddy/Engibuddy_Project/engibuddy/backend/venv/lib/python3.14/site-packages/uvicorn/protocols/http/h11_impl.py", line 415, in run_asgi
    result = await app(  # type: ignore[func-returns-value]
             ^^^^^^^^^^^^^^^^^^^^^^^^^^^^^^^^^^^^^^^^^^^^^^
        self.scope, self.receive, self.send
        ^^^^^^^^^^^^^^^^^^^^^^^^^^^^^^^^^^^
    )
    ^
  File "/Users/sahilmayani/Engibuddy/Engibuddy_Project/engibuddy/backend/venv/lib/python3.14/site-packages/uvicorn/middleware/proxy_headers.py", line 60, in __call__
    return await self.app(scope, receive, send)
           ^^^^^^^^^^^^^^^^^^^^^^^^^^^^^^^^^^^^
  File "/Users/sahilmayani/Engibuddy/Engibuddy_Project/engibuddy/backend/venv/lib/python3.14/site-packages/fastapi/applications.py", line 1163, in __call__
    await super().__call__(scope, receive, send)
  File "/Users/sahilmayani/Engibuddy/Engibuddy_Project/engibuddy/backend/venv/lib/python3.14/site-packages/starlette/applications.py", line 90, in __call__
    await self.middleware_stack(scope, receive, send)
  File "/Users/sahilmayani/Engibuddy/Engibuddy_Project/engibuddy/backend/venv/lib/python3.14/site-packages/starlette/middleware/errors.py", line 186, in __call__
    raise exc
  File "/Users/sahilmayani/Engibuddy/Engibuddy_Project/engibuddy/backend/venv/lib/python3.14/site-packages/starlette/middleware/errors.py", line 164, in __call__
    await self.app(scope, receive, _send)
  File "/Users/sahilmayani/Engibuddy/Engibuddy_Project/engibuddy/backend/venv/lib/python3.14/site-packages/starlette/middleware/cors.py", line 96, in __call__
    await self.simple_response(scope, receive, send, request_headers=headers)
  File "/Users/sahilmayani/Engibuddy/Engibuddy_Project/engibuddy/backend/venv/lib/python3.14/site-packages/starlette/middleware/cors.py", line 154, in simple_response
    await self.app(scope, receive, send)
  File "/Users/sahilmayani/Engibuddy/Engibuddy_Project/engibuddy/backend/venv/lib/python3.14/site-packages/starlette/middleware/exceptions.py", line 63, in __call__
    await wrap_app_handling_exceptions(self.app, conn)(scope, receive, send)
  File "/Users/sahilmayani/Engibuddy/Engibuddy_Project/engibuddy/backend/venv/lib/python3.14/site-packages/starlette/_exception_handler.py", line 53, in wrapped_app
    raise exc
  File "/Users/sahilmayani/Engibuddy/Engibuddy_Project/engibuddy/backend/venv/lib/python3.14/site-packages/starlette/_exception_handler.py", line 42, in wrapped_app
    await app(scope, receive, sender)
  File "/Users/sahilmayani/Engibuddy/Engibuddy_Project/engibuddy/backend/venv/lib/python3.14/site-packages/fastapi/middleware/asyncexitstack.py", line 18, in __call__
    await self.app(scope, receive, send)
  File "/Users/sahilmayani/Engibuddy/Engibuddy_Project/engibuddy/backend/venv/lib/python3.14/site-packages/starlette/routing.py", line 660, in __call__
    await self.middleware_stack(scope, receive, send)
  File "/Users/sahilmayani/Engibuddy/Engibuddy_Project/engibuddy/backend/venv/lib/python3.14/site-packages/starlette/routing.py", line 680, in app
    await route.handle(scope, receive, send)
  File "/Users/sahilmayani/Engibuddy/Engibuddy_Project/engibuddy/backend/venv/lib/python3.14/site-packages/starlette/routing.py", line 276, in handle
    await self.app(scope, receive, send)
  File "/Users/sahilmayani/Engibuddy/Engibuddy_Project/engibuddy/backend/venv/lib/python3.14/site-packages/fastapi/routing.py", line 134, in app
    await wrap_app_handling_exceptions(app, request)(scope, receive, send)
  File "/Users/sahilmayani/Engibuddy/Engibuddy_Project/engibuddy/backend/venv/lib/python3.14/site-packages/starlette/_exception_handler.py", line 53, in wrapped_app
    raise exc
  File "/Users/sahilmayani/Engibuddy/Engibuddy_Project/engibuddy/backend/venv/lib/python3.14/site-packages/starlette/_exception_handler.py", line 42, in wrapped_app
    await app(scope, receive, sender)
  File "/Users/sahilmayani/Engibuddy/Engibuddy_Project/engibuddy/backend/venv/lib/python3.14/site-packages/fastapi/routing.py", line 120, in app
    response = await f(request)
               ^^^^^^^^^^^^^^^^
  File "/Users/sahilmayani/Engibuddy/Engibuddy_Project/engibuddy/backend/venv/lib/python3.14/site-packages/fastapi/routing.py", line 674, in app
    raw_response = await run_endpoint_function(
                   ^^^^^^^^^^^^^^^^^^^^^^^^^^^^
    ...<3 lines>...
    )
    ^
  File "/Users/sahilmayani/Engibuddy/Engibuddy_Project/engibuddy/backend/venv/lib/python3.14/site-packages/fastapi/routing.py", line 330, in run_endpoint_function
    return await run_in_threadpool(dependant.call, **values)
           ^^^^^^^^^^^^^^^^^^^^^^^^^^^^^^^^^^^^^^^^^^^^^^^^^
  File "/Users/sahilmayani/Engibuddy/Engibuddy_Project/engibuddy/backend/venv/lib/python3.14/site-packages/starlette/concurrency.py", line 32, in run_in_threadpool
    return await anyio.to_thread.run_sync(func)
           ^^^^^^^^^^^^^^^^^^^^^^^^^^^^^^^^^^^^
  File "/Users/sahilmayani/Engibuddy/Engibuddy_Project/engibuddy/backend/venv/lib/python3.14/site-packages/anyio/to_thread.py", line 63, in run_sync
    return await get_async_backend().run_sync_in_worker_thread(
           ^^^^^^^^^^^^^^^^^^^^^^^^^^^^^^^^^^^^^^^^^^^^^^^^^^^^
        func, args, abandon_on_cancel=abandon_on_cancel, limiter=limiter
        ^^^^^^^^^^^^^^^^^^^^^^^^^^^^^^^^^^^^^^^^^^^^^^^^^^^^^^^^^^^^^^^^
    )
    ^
  File "/Users/sahilmayani/Engibuddy/Engibuddy_Project/engibuddy/backend/venv/lib/python3.14/site-packages/anyio/_backends/_asyncio.py", line 2518, in run_sync_in_worker_thread
    return await future
           ^^^^^^^^^^^^
  File "/Users/sahilmayani/Engibuddy/Engibuddy_Project/engibuddy/backend/venv/lib/python3.14/site-packages/anyio/_backends/_asyncio.py", line 1002, in run
    result = context.run(func, *args)
  File "/Users/sahilmayani/Engibuddy/Engibuddy_Project/engibuddy/backend/main.py", line 202, in validate_session_review
    return auto_validate_session_review(session_id, update_current_phase=True, allow_advance=True)
  File "/Users/sahilmayani/Engibuddy/Engibuddy_Project/engibuddy/backend/services/session_service.py", line 148, in auto_validate_session_review
    ai_result = validate_review_checklist_with_ai(messages=messages, artifacts=artifacts)
  File "/Users/sahilmayani/Engibuddy/Engibuddy_Project/engibuddy/backend/services/review_validation_service.py", line 174, in validate_review_checklist_with_ai
    parsed = _extract_json_object(raw_response)
  File "/Users/sahilmayani/Engibuddy/Engibuddy_Project/engibuddy/backend/services/review_validation_service.py", line 31, in _extract_json_object
    parsed = json.loads(candidate)
  File "/Library/Frameworks/Python.framework/Versions/3.14/lib/python3.14/json/__init__.py", line 346, in loads
    return _default_decoder.decode(s)
           ~~~~~~~~~~~~~~~~~~~~~~~^^^
  File "/Library/Frameworks/Python.framework/Versions/3.14/lib/python3.14/json/decoder.py", line 345, in decode
    obj, end = self.raw_decode(s, idx=_w(s, 0).end())
               ~~~~~~~~~~~~~~~^^^^^^^^^^^^^^^^^^^^^^^
  File "/Library/Frameworks/Python.framework/Versions/3.14/lib/python3.14/json/decoder.py", line 361, in raw_decode
    obj, end = self.scan_once(s, idx)
               ~~~~~~~~~~~~~~^^^^^^^^
json.decoder.JSONDecodeError: Expecting ',' delimiter: line 115 column 10 (char 5923)
INFO:     Shutting down
INFO:     Waiting for application shutdown.
INFO:     Application shutdown complete.
INFO:     Finished server process [40149]
INFO:     Started server process [40471]
INFO:     Waiting for application startup.
INFO:     Application startup complete.
INFO:     Uvicorn running on http://0.0.0.0:8000 (Press CTRL+C to quit)
INFO:     Shutting down
INFO:     Waiting for application shutdown.
INFO:     Application shutdown complete.
INFO:     Finished server process [40471]
INFO:     Started server process [40529]
INFO:     Waiting for application startup.
INFO:     Application startup complete.
INFO:     Uvicorn running on http://0.0.0.0:8000 (Press CTRL+C to quit)
INFO:services.artifact_service:Artifact uploaded for project=local-project phase=0 — background validation started for session session-8d5f4db854e6
INFO:services.artifact_service:Artifact uploaded for project=local-project phase=2 — background validation started for session session-8d5f4db854e6
INFO:services.artifact_service:Artifact uploaded for project=local-project phase=0 — background validation started for session session-8d5f4db854e6
INFO:services.artifact_service:Artifact uploaded for project=local-project phase=2 — background validation started for session session-8d5f4db854e6
INFO:services.artifact_service:Artifact uploaded for project=local-project phase=0 — background validation started for session session-8d5f4db854e6
INFO:services.artifact_service:Artifact uploaded for project=local-project phase=2 — background validation started for session session-8d5f4db854e6
INFO:     Shutting down
INFO:     Waiting for application shutdown.
INFO:     Application shutdown complete.
INFO:     Finished server process [40529]
INFO:     Started server process [40616]
INFO:     Waiting for application startup.
INFO:     Application startup complete.
INFO:     Uvicorn running on http://0.0.0.0:8000 (Press CTRL+C to quit)
INFO:services.session_service:Advancing session session-8d5f4db854e6 phase from 0 to 1 (document evidence)
INFO:services.artifact_service:Artifact uploaded for project=local-project phase=0 — background validation started for session session-62d5a0920b16
INFO:services.session_service:Advancing session session-62d5a0920b16 phase from 0 to 1 (document evidence)
INFO:services.session_service:Advancing session session-62d5a0920b16 phase from 0 to 1 (document evidence)
INFO:services.session_service:Pushing back session session-8d5f4db854e6 phase from 1 to 0 (evidence gate)
INFO:services.session_service:Pushing back session session-8d5f4db854e6 phase from 1 to 0 (evidence gate)
INFO:     Shutting down
INFO:     Waiting for application shutdown.
INFO:     Application shutdown complete.
INFO:     Finished server process [40616]
INFO:     Started server process [40720]
INFO:     Waiting for application startup.
INFO:     Application startup complete.
INFO:     Uvicorn running on http://0.0.0.0:8000 (Press CTRL+C to quit)
INFO:services.artifact_service:Artifact uploaded for project=local-project phase=0 — background validation started for session session-1af8093cb4fb
INFO:services.session_service:Advancing session session-1af8093cb4fb phase from 0 to 1 (document evidence)
INFO:services.session_service:Advancing session session-1af8093cb4fb phase from 0 to 1 (document evidence)
INFO:services.artifact_service:Artifact uploaded for project=local-project phase=3 — background validation started for session session-1af8093cb4fb
INFO:services.artifact_service:Artifact uploaded for project=local-project phase=0 — background validation started for session session-1af8093cb4fb
INFO:services.session_service:Advancing session session-1af8093cb4fb phase from 0 to 1 (document evidence)
INFO:services.session_service:Advancing session session-1af8093cb4fb phase from 0 to 1 (document evidence)
INFO:services.artifact_service:Artifact uploaded for project=local-project phase=0 — background validation started for session session-1af8093cb4fb
INFO:services.artifact_service:Artifact uploaded for project=local-project phase=2 — background validation started for session session-1af8093cb4fb
INFO:services.session_service:Advancing session session-1af8093cb4fb phase from 1 to 2 (document evidence)
INFO:services.session_service:Advancing session session-1af8093cb4fb phase from 1 to 2 (document evidence)
INFO:services.artifact_service:Artifact uploaded for project=local-project phase=3 — background validation started for session session-1af8093cb4fb
INFO:services.session_service:Advancing session session-1af8093cb4fb phase from 2 to 5 (document evidence)
INFO:services.session_service:Advancing session session-1af8093cb4fb phase from 2 to 5 (document evidence)
INFO:services.session_service:Advancing session session-8d5f4db854e6 phase from 1 to 4 (document evidence)
INFO:     Shutting down
INFO:     Waiting for application shutdown.
INFO:     Application shutdown complete.
INFO:     Finished server process [40720]
INFO:     Started server process [40843]
INFO:     Waiting for application startup.
INFO:     Application startup complete.
INFO:     Uvicorn running on http://0.0.0.0:8000 (Press CTRL+C to quit)
INFO:services.session_service:Pushing back session session-8d5f4db854e6 phase from 4 to 0 (evidence gate)
INFO:services.session_service:Advancing session session-8d5f4db854e6 phase from 0 to 2 (document evidence)
INFO:services.session_service:Pushing back session session-8d5f4db854e6 phase from 2 to 0 (evidence gate)
INFO:services.artifact_service:Artifact uploaded for project=local-project phase=2 — background validation started for session session-8d5f4db854e6
INFO:services.session_service:Advancing session session-8d5f4db854e6 phase from 0 to 3 (document evidence)
INFO:services.session_service:Advancing session session-8d5f4db854e6 phase from 0 to 3 (document evidence)
INFO:services.session_service:Pushing back session session-8d5f4db854e6 phase from 3 to 0 (evidence gate)
INFO:services.artifact_service:Artifact uploaded for project=local-project phase=3 — background validation started for session session-8d5f4db854e6
INFO:services.session_service:Advancing session session-8d5f4db854e6 phase from 0 to 3 (document evidence)
INFO:services.session_service:Advancing session session-8d5f4db854e6 phase from 0 to 3 (document evidence)
INFO:     Shutting down
INFO:     Waiting for application shutdown.
INFO:     Application shutdown complete.
INFO:     Finished server process [40843]
INFO:     Started server process [40920]
INFO:     Waiting for application startup.
INFO:     Application startup complete.
INFO:     Uvicorn running on http://0.0.0.0:8000 (Press CTRL+C to quit)
INFO:services.session_service:Pushing back session session-8d5f4db854e6 phase from 3 to 0 (evidence gate)
INFO:services.artifact_service:Artifact uploaded for project=local-project phase=3 — background validation started for session session-8d5f4db854e6
INFO:services.session_service:Advancing session session-8d5f4db854e6 phase from 0 to 5 (document evidence)
INFO:services.session_service:Advancing session session-8d5f4db854e6 phase from 0 to 5 (document evidence)
INFO:services.artifact_service:Artifact uploaded for project=local-project phase=5 — background validation started for session session-1af8093cb4fb
INFO:services.session_service:Advancing session session-1af8093cb4fb phase from 0 to 5 (document evidence)
INFO:services.session_service:Advancing session session-1af8093cb4fb phase from 0 to 5 (document evidence)
INFO:services.artifact_service:Artifact uploaded for project=local-project phase=1 — background validation started for session session-b472b52178fc
INFO:services.session_service:Advancing session session-b472b52178fc phase from 0 to 2 (document evidence)
INFO:services.session_service:Advancing session session-b472b52178fc phase from 0 to 2 (document evidence)
INFO:services.artifact_service:Artifact uploaded for project=local-project phase=3 — background validation started for session session-b472b52178fc
INFO:services.session_service:Advancing session session-b472b52178fc phase from 2 to 4 (document evidence)
INFO:services.session_service:Advancing session session-b472b52178fc phase from 2 to 5 (document evidence)
INFO:services.artifact_service:Artifact uploaded for project=local-project phase=3 — background validation started for session session-b472b52178fc
INFO:services.session_service:Pushing back session session-b472b52178fc phase from 5 to 2 (evidence gate)
INFO:services.session_service:Advancing session session-b472b52178fc phase from 0 to 4 (document evidence)
INFO:services.session_service:Advancing session session-b472b52178fc phase from 0 to 5 (document evidence)
INFO:services.session_service:Pushing back session session-b472b52178fc phase from 5 to 4 (evidence gate)
INFO:services.session_service:Pushing back session session-b472b52178fc phase from 5 to 4 (evidence gate)
