
> engibuddy@0.1.0 dev
> next dev

 ⚠ Port 3000 is in use, trying 3001 instead.
  ▲ Next.js 14.2.35
  - Local:        http://localhost:3001
  - Environments: .env

 ✓ Starting...
 ✓ Ready in 3.1s
 ○ Compiling / ...
 ✓ Compiled / in 10.4s (515 modules)
 GET / 200 in 11531ms
 ✓ Compiled in 1042ms (265 modules)
 ○ Compiling /review ...
 ✓ Compiled /review in 1106ms (574 modules)
 GET /review 200 in 254ms
 ○ Compiling /guidance ...
 ✓ Compiled /guidance in 1201ms (581 modules)
 ✓ Compiled in 1096ms (595 modules)
 ○ Compiling /_not-found ...
 ✓ Compiled /_not-found in 1391ms (584 modules)
 GET / 404 in 2346ms
 GET / 200 in 515ms
 GET /review 200 in 116ms
 GET /review 200 in 175ms
   Reload env: .env
 ✓ Compiled in 2.3s (595 modules)
   Reload env: .env
 ✓ Compiled in 472ms (595 modules)
   Reload env: .env
 ✓ Compiled in 199ms (581 modules)
 GET /review 200 in 570ms
 ○ Compiling /_not-found ...
 ✓ Compiled /_not-found in 722ms (598 modules)
 ⚠ Fast Refresh had to perform a full reload. Read more: https://nextjs.org/docs/messages/fast-refresh-reload
 GET / 404 in 965ms
 GET /_next/static/webpack/068283f8522ee881.webpack.hot-update.json 404 in 383ms
 GET /review 200 in 161ms
^C